# JRE version: OpenJDK Runtime Environment (8.0_242-b01) (build 1.8.0_242-release-1644-b01)
# Java VM: OpenJDK 64-Bit Server VM (25.242-b01 mixed mode windows-amd64 compressed oops)
Heap:
 PSYoungGen      total 505856K, used 102379K [0x00000000d5580000, 0x00000000fd180000, 0x0000000100000000)
  eden space 437760K, 9% used [0x00000000d5580000,0x00000000d7df5310,0x00000000f0100000)
  from space 68096K, 89% used [0x00000000f4d00000,0x00000000f88859a8,0x00000000f8f80000)
  to   space 77824K, 0% used [0x00000000f0100000,0x00000000f0100000,0x00000000f4d00000)
 ParOldGen       total 467968K, used 312909K [0x0000000080000000, 0x000000009c900000, 0x00000000d5580000)
  object space 467968K, 66% used [0x0000000080000000,0x0000000093193430,0x000000009c900000)
 Metaspace       used 109063K, capacity 118250K, committed 118568K, reserved 1153024K
  class space    used 13810K, capacity 15282K, committed 15408K, reserved 1048576K
GC Heap History (10 events):
Event: 8506.971 GC heap before
{Heap before GC invocations=88 (full 6):
 PSYoungGen      total 466432K, used 466240K [0x00000000d5580000, 0x00000000fc080000, 0x0000000100000000)
  eden space 459264K, 100% used [0x00000000d5580000,0x00000000f1600000,0x00000000f1600000)
  from space 7168K, 97% used [0x00000000f1600000,0x00000000f1cd0158,0x00000000f1d00000)
  to   space 85504K, 0% used [0x00000000f6d00000,0x00000000f6d00000,0x00000000fc080000)
 ParOldGen       total 467968K, used 312549K [0x0000000080000000, 0x000000009c900000, 0x00000000d5580000)
  object space 467968K, 66% used [0x0000000080000000,0x0000000093139410,0x000000009c900000)
 Metaspace       used 108586K, capacity 117754K, committed 117928K, reserved 1153024K
  class space    used 13777K, capacity 15250K, committed 15280K, reserved 1048576K
Event: 8507.004 GC heap after
Heap after GC invocations=88 (full 6):
 PSYoungGen      total 538112K, used 11764K [0x00000000d5580000, 0x00000000fb700000, 0x0000000100000000)
  eden space 462336K, 0% used [0x00000000d5580000,0x00000000d5580000,0x00000000f1900000)
  from space 75776K, 15% used [0x00000000f6d00000,0x00000000f787d158,0x00000000fb700000)
  to   space 80896K, 0% used [0x00000000f1900000,0x00000000f1900000,0x00000000f6800000)
 ParOldGen       total 467968K, used 312557K [0x0000000080000000, 0x000000009c900000, 0x00000000d5580000)
  object space 467968K, 66% used [0x0000000080000000,0x000000009313b410,0x000000009c900000)
 Metaspace       used 108586K, capacity 117754K, committed 117928K, reserved 1153024K
  class space    used 13777K, capacity 15250K, committed 15280K, reserved 1048576K
}
Event: 9103.815 GC heap before
{Heap before GC invocations=89 (full 6):
 PSYoungGen      total 538112K, used 474100K [0x00000000d5580000, 0x00000000fb700000, 0x0000000100000000)
  eden space 462336K, 100% used [0x00000000d5580000,0x00000000f1900000,0x00000000f1900000)
  from space 75776K, 15% used [0x00000000f6d00000,0x00000000f787d158,0x00000000fb700000)
  to   space 80896K, 0% used [0x00000000f1900000,0x00000000f1900000,0x00000000f6800000)
 ParOldGen       total 467968K, used 312557K [0x0000000080000000, 0x000000009c900000, 0x00000000d5580000)
  object space 467968K, 66% used [0x0000000080000000,0x000000009313b410,0x000000009c900000)
 Metaspace       used 108635K, capacity 117818K, committed 117928K, reserved 1153024K
  class space    used 13778K, capacity 15250K, committed 15280K, reserved 1048576K
Event: 9103.950 GC heap after
Heap after GC invocations=89 (full 6):
 PSYoungGen      total 484352K, used 21919K [0x00000000d5580000, 0x00000000fae80000, 0x0000000100000000)
  eden space 462336K, 0% used [0x00000000d5580000,0x00000000d5580000,0x00000000f1900000)
  from space 22016K, 99% used [0x00000000f1900000,0x00000000f2e67c70,0x00000000f2e80000)
  to   space 75264K, 0% used [0x00000000f6500000,0x00000000f6500000,0x00000000fae80000)
 ParOldGen       total 467968K, used 312565K [0x0000000080000000, 0x000000009c900000, 0x00000000d5580000)
  object space 467968K, 66% used [0x0000000080000000,0x000000009313d410,0x000000009c900000)
 Metaspace       used 108635K, capacity 117818K, committed 117928K, reserved 1153024K
  class space    used 13778K, capacity 15250K, committed 15280K, reserved 1048576K
}
Event: 10076.047 GC heap before
{Heap before GC invocations=90 (full 6):
 PSYoungGen      total 484352K, used 484246K [0x00000000d5580000, 0x00000000fae80000, 0x0000000100000000)
  eden space 462336K, 99% used [0x00000000d5580000,0x00000000f18fdce8,0x00000000f1900000)
  from space 22016K, 99% used [0x00000000f1900000,0x00000000f2e67c70,0x00000000f2e80000)
  to   space 75264K, 0% used [0x00000000f6500000,0x00000000f6500000,0x00000000fae80000)
 ParOldGen       total 467968K, used 312565K [0x0000000080000000, 0x000000009c900000, 0x00000000d5580000)
  object space 467968K, 66% used [0x0000000080000000,0x000000009313d410,0x000000009c900000)
 Metaspace       used 108721K, capacity 117826K, committed 117928K, reserved 1153024K
  class space    used 13778K, capacity 15250K, committed 15280K, reserved 1048576K
Event: 10076.087 GC heap after
Heap after GC invocations=90 (full 6):
 PSYoungGen      total 528896K, used 20060K [0x00000000d5580000, 0x00000000fa400000, 0x0000000100000000)
  eden space 464384K, 0% used [0x00000000d5580000,0x00000000d5580000,0x00000000f1b00000)
  from space 64512K, 31% used [0x00000000f6500000,0x00000000f7897350,0x00000000fa400000)
  to   space 70144K, 0% used [0x00000000f1b00000,0x00000000f1b00000,0x00000000f5f80000)
 ParOldGen       total 467968K, used 312573K [0x0000000080000000, 0x000000009c900000, 0x00000000d5580000)
  object space 467968K, 66% used [0x0000000080000000,0x000000009313f410,0x000000009c900000)
 Metaspace       used 108721K, capacity 117826K, committed 117928K, reserved 1153024K
  class space    used 13778K, capacity 15250K, committed 15280K, reserved 1048576K
}
Event: 18207.224 GC heap before
{Heap before GC invocations=91 (full 6):
 PSYoungGen      total 528896K, used 484444K [0x00000000d5580000, 0x00000000fa400000, 0x0000000100000000)
  eden space 464384K, 100% used [0x00000000d5580000,0x00000000f1b00000,0x00000000f1b00000)
  from space 64512K, 31% used [0x00000000f6500000,0x00000000f7897350,0x00000000fa400000)
  to   space 70144K, 0% used [0x00000000f1b00000,0x00000000f1b00000,0x00000000f5f80000)
 ParOldGen       total 467968K, used 312573K [0x0000000080000000, 0x000000009c900000, 0x00000000d5580000)
  object space 467968K, 66% used [0x0000000080000000,0x000000009313f410,0x000000009c900000)
 Metaspace       used 109045K, capacity 118186K, committed 118312K, reserved 1153024K
  class space    used 13810K, capacity 15282K, committed 15408K, reserved 1048576K
Event: 18207.465 GC heap after
Heap after GC invocations=91 (full 6):
 PSYoungGen      total 476672K, used 28703K [0x00000000d5580000, 0x00000000f8f80000, 0x0000000100000000)
  eden space 447488K, 0% used [0x00000000d5580000,0x00000000d5580000,0x00000000f0a80000)
  from space 29184K, 98% used [0x00000000f1b00000,0x00000000f3707c10,0x00000000f3780000)
  to   space 68096K, 0% used [0x00000000f4d00000,0x00000000f4d00000,0x00000000f8f80000)
 ParOldGen       total 467968K, used 312829K [0x0000000080000000, 0x000000009c900000, 0x00000000d5580000)
  object space 467968K, 66% used [0x0000000080000000,0x000000009317f420,0x000000009c900000)
 Metaspace       used 109045K, capacity 118186K, committed 118312K, reserved 1153024K
  class space    used 13810K, capacity 15282K, committed 15408K, reserved 1048576K
}
Event: 18217.137 GC heap before
{Heap before GC invocations=92 (full 6):
 PSYoungGen      total 476672K, used 476191K [0x00000000d5580000, 0x00000000f8f80000, 0x0000000100000000)
  eden space 447488K, 100% used [0x00000000d5580000,0x00000000f0a80000,0x00000000f0a80000)
  from space 29184K, 98% used [0x00000000f1b00000,0x00000000f3707c10,0x00000000f3780000)
  to   space 68096K, 0% used [0x00000000f4d00000,0x00000000f4d00000,0x00000000f8f80000)
 ParOldGen       total 467968K, used 312829K [0x0000000080000000, 0x000000009c900000, 0x00000000d5580000)
  object space 467968K, 66% used [0x0000000080000000,0x000000009317f420,0x000000009c900000)
 Metaspace       used 109062K, capacity 118250K, committed 118568K, reserved 1153024K
  class space    used 13810K, capacity 15282K, committed 15408K, reserved 1048576K
Event: 18218.291 GC heap after
Heap after GC invocations=92 (full 6):
 PSYoungGen      total 505856K, used 60950K [0x00000000d5580000, 0x00000000fd180000, 0x0000000100000000)
  eden space 437760K, 0% used [0x00000000d5580000,0x00000000d5580000,0x00000000f0100000)
  from space 68096K, 89% used [0x00000000f4d00000,0x00000000f88859a8,0x00000000f8f80000)
  to   space 77824K, 0% used [0x00000000f0100000,0x00000000f0100000,0x00000000f4d00000)
 ParOldGen       total 467968K, used 312909K [0x0000000080000000, 0x000000009c900000, 0x00000000d5580000)
  object space 467968K, 66% used [0x0000000080000000,0x0000000093193430,0x000000009c900000)
 Metaspace       used 109062K, capacity 118250K, committed 118568K, reserved 1153024K
  class space    used 13810K, capacity 15282K, committed 15408K, reserved 1048576K
}

